#
# There is insufficient memory for the Java Runtime Environment to continue.
# Native memory allocation (malloc) failed to allocate 1048576 bytes for AllocateHeap
# Possible reasons:
#   The system is out of physical RAM or swap space
#   The process is running with CompressedOops enabled, and the Java Heap may be blocking the growth of the native heap
# Possible solutions:
#   Reduce memory load on the system
#   Increase physical memory or swap space
#   Check if swap backing store is full
#   Decrease Java heap size (-Xmx/-Xms)
#   Decrease number of Java threads
#   Decrease Java thread stack sizes (-Xss)
#   Set larger code cache with -XX:ReservedCodeCacheSize=
#   JVM is running with Zero Based Compressed Oops mode in which the Java heap is
#     placed in the first 32GB address space. The Java Heap base address is the
#     maximum limit for the native heap growth. Please use -XX:HeapBaseMinAddress
#     to set the Java Heap base and to place the Java Heap above 32GB virtual address.
# This output file may be truncated or incomplete.
#
#  Out of Memory Error (allocation.cpp:44), pid=18892, tid=16444
#
# JRE version:  (20.0+36) (build )
# Java VM: Java HotSpot(TM) 64-Bit Server VM (20+36-2344, mixed mode, sharing, tiered, compressed oops, compressed class ptrs, g1 gc, windows-amd64)
# No core dump will be written. Minidumps are not enabled by default on client versions of Windows
#

---------------  S U M M A R Y ------------

Command Line: -javaagent:C:\Program Files\JetBrains\IntelliJ IDEA 2023.3.3\lib\idea_rt.jar=63579:C:\Program Files\JetBrains\IntelliJ IDEA 2023.3.3\bin -Dfile.encoding=UTF-8 -Dsun.stdout.encoding=UTF-8 -Dsun.stderr.encoding=UTF-8 Main

Host: 11th Gen Intel(R) Core(TM) i5-11400H @ 2.70GHz, 12 cores, 15G,  Windows 11 , 64 bit Build 22621 (10.0.22621.3527)
Time: Fri May  3 12:37:17 2024 Hora estándar central (México) elapsed time: 0.009452 seconds (0d 0h 0m 0s)

---------------  T H R E A D  ---------------

Current thread (0x000002a7b8efd7a0):  JavaThread "Unknown thread" [_thread_in_vm, id=16444, stack(0x000000a80ae00000,0x000000a80af00000)]

Stack: [0x000000a80ae00000,0x000000a80af00000]
Native frames: (J=compiled Java code, j=interpreted, Vv=VM code, C=native code)
V  [jvm.dll+0x6bb95a]
V  [jvm.dll+0x8483aa]
V  [jvm.dll+0x849fa5]
V  [jvm.dll+0x84a6a3]
V  [jvm.dll+0x280b0f]
V  [jvm.dll+0xbcec5]
V  [jvm.dll+0x333b65]
V  [jvm.dll+0x32c301]
V  [jvm.dll+0x81106f]
V  [jvm.dll+0x3c0d91]
V  [jvm.dll+0x7fcd93]
V  [jvm.dll+0x44c76f]
V  [jvm.dll+0x44e0e1]
C  [jli.dll+0x5287]
C  [ucrtbase.dll+0x29333]
C  [KERNEL32.DLL+0x1257d]
C  [ntdll.dll+0x5aa48]


---------------  P R O C E S S  ---------------

Threads class SMR info:
_java_thread_list=0x00007ffb7ca0a098, length=0, elements={
}

Java Threads: ( => current thread )

Other Threads:
  0x000002a7b8f6fc60 WorkerThread "GC Thread#0" [stack: 0x000000a80af00000,0x000000a80b000000] [id=13672]

[error occurred during error reporting (printing all threads), id 0xc0000005, EXCEPTION_ACCESS_VIOLATION (0xc0000005) at pc=0x00007ffb7c1e8a00]
VM state: not at safepoint (not fully initialized)

VM Mutex/Monitor currently owned by a thread:  ([mutex/lock_event])
[0x000002a7b8ef8c10] Heap_lock - owner thread: 0x000002a7b8efd7a0

Heap address: 0x0000000704000000, size: 4032 MB, Compressed Oops mode: Zero based, Oop shift amount: 3

CDS archive(s) mapped at: [0x0000000000000000-0x0000000000000000-0x0000000000000000), size 0, SharedBaseAddress: 0x0000000800000000, ArchiveRelocationMode: 0.
Narrow klass base: 0x0000000000000000, Narrow klass shift: 0, Narrow klass range: 0x0

GC Precious Log:
 CardTable entry size: 512
 Card Set container configuration: InlinePtr #cards 4 size 8 Array Of Cards #cards 16 size 48 Howl #buckets 8 coarsen threshold 3686 Howl Bitmap #cards 512 size 80 coarsen threshold 460 Card regions per heap region 1 cards per card region 4096

Heap:
 garbage-first heap   total 0K, used 0K [0x0000000704000000, 0x0000000800000000)
  region size 2048K, 0 young (0K), 0 survivors (0K)

[error occurred during error reporting (printing heap information), id 0xc0000005, EXCEPTION_ACCESS_VIOLATION (0xc0000005) at pc=0x00007ffb7c5c3c59]
GC Heap History (0 events):
No events

Dll operation events (1 events):
Event: 0.006 Loaded shared library C:\Program Files\Java\jdk-20\bin\java.dll

Deoptimization events (0 events):
No events

Classes loaded (0 events):
No events

Classes unloaded (0 events):
No events

Classes redefined (0 events):
No events

Internal exceptions (0 events):
No events

VM Operations (0 events):
No events

Events (0 events):
No events


Dynamic libraries:
0x00007ff608da0000 - 0x00007ff608db0000 	C:\Program Files\Java\jdk-20\bin\java.exe
0x00007ffbf41b0000 - 0x00007ffbf43c7000 	C:\WINDOWS\SYSTEM32\ntdll.dll
0x00007ffbf2f20000 - 0x00007ffbf2fe4000 	C:\WINDOWS\System32\KERNEL32.DLL
0x00007ffbf1a10000 - 0x00007ffbf1db7000 	C:\WINDOWS\System32\KERNELBASE.dll
0x00007ffbf1710000 - 0x00007ffbf1821000 	C:\WINDOWS\System32\ucrtbase.dll
0x00007ffbe7300000 - 0x00007ffbe7319000 	C:\Program Files\Java\jdk-20\bin\jli.dll
0x00007ffbe72e0000 - 0x00007ffbe72fb000 	C:\Program Files\Java\jdk-20\bin\VCRUNTIME140.dll
0x00007ffbf4040000 - 0x00007ffbf40f2000 	C:\WINDOWS\System32\ADVAPI32.dll
0x00007ffbf2270000 - 0x00007ffbf2317000 	C:\WINDOWS\System32\msvcrt.dll
0x00007ffbf2e70000 - 0x00007ffbf2f18000 	C:\WINDOWS\System32\sechost.dll
0x00007ffbf16e0000 - 0x00007ffbf1708000 	C:\WINDOWS\System32\bcrypt.dll
0x00007ffbf3c70000 - 0x00007ffbf3d85000 	C:\WINDOWS\System32\RPCRT4.dll
0x00007ffbf3a30000 - 0x00007ffbf3bde000 	C:\WINDOWS\System32\USER32.dll
0x00007ffbe61e0000 - 0x00007ffbe6473000 	C:\WINDOWS\WinSxS\amd64_microsoft.windows.common-controls_6595b64144ccf1df_6.0.22621.3527_none_270e469b73872a76\COMCTL32.dll
0x00007ffbf1640000 - 0x00007ffbf1666000 	C:\WINDOWS\System32\win32u.dll
0x00007ffbf2e40000 - 0x00007ffbf2e69000 	C:\WINDOWS\System32\GDI32.dll
0x00007ffbf1dc0000 - 0x00007ffbf1ed9000 	C:\WINDOWS\System32\gdi32full.dll
0x00007ffbf1830000 - 0x00007ffbf18ca000 	C:\WINDOWS\System32\msvcp_win.dll
0x00007ffbe55a0000 - 0x00007ffbe55aa000 	C:\WINDOWS\SYSTEM32\VERSION.dll
0x00007ffbf3be0000 - 0x00007ffbf3c11000 	C:\WINDOWS\System32\IMM32.DLL
0x00007ffbe9950000 - 0x00007ffbe995c000 	C:\Program Files\Java\jdk-20\bin\vcruntime140_1.dll
0x00007ffbe0eb0000 - 0x00007ffbe0f3e000 	C:\Program Files\Java\jdk-20\bin\msvcp140.dll
0x00007ffb7beb0000 - 0x00007ffb7cb47000 	C:\Program Files\Java\jdk-20\bin\server\jvm.dll
0x00007ffbe6ab0000 - 0x00007ffbe6ae4000 	C:\WINDOWS\SYSTEM32\WINMM.dll
0x00007ffbce7b0000 - 0x00007ffbce7b9000 	C:\WINDOWS\SYSTEM32\WSOCK32.dll
0x00007ffbf2cd0000 - 0x00007ffbf2d41000 	C:\WINDOWS\System32\WS2_32.dll
0x00007ffbf05b0000 - 0x00007ffbf05c8000 	C:\WINDOWS\SYSTEM32\kernel.appcore.dll
0x00007ffbe8a20000 - 0x00007ffbe8a2a000 	C:\Program Files\Java\jdk-20\bin\jimage.dll
0x00007ffbee8c0000 - 0x00007ffbeeaf3000 	C:\WINDOWS\SYSTEM32\DBGHELP.DLL
0x00007ffbf1ee0000 - 0x00007ffbf2268000 	C:\WINDOWS\System32\combase.dll
0x00007ffbf3890000 - 0x00007ffbf3967000 	C:\WINDOWS\System32\OLEAUT32.dll
0x00007ffbe21a0000 - 0x00007ffbe21d2000 	C:\WINDOWS\SYSTEM32\dbgcore.DLL
0x00007ffbf18d0000 - 0x00007ffbf1949000 	C:\WINDOWS\System32\bcryptPrimitives.dll
0x00007ffbe7ab0000 - 0x00007ffbe7abe000 	C:\Program Files\Java\jdk-20\bin\instrument.dll
0x00007ffbe64d0000 - 0x00007ffbe64f6000 	C:\Program Files\Java\jdk-20\bin\java.dll

dbghelp: loaded successfully - version: 4.0.5 - missing functions: none
symbol engine: initialized successfully - sym options: 0x614 - pdb path: .;C:\Program Files\Java\jdk-20\bin;C:\WINDOWS\SYSTEM32;C:\WINDOWS\WinSxS\amd64_microsoft.windows.common-controls_6595b64144ccf1df_6.0.22621.3527_none_270e469b73872a76;C:\Program Files\Java\jdk-20\bin\server

VM Arguments:
jvm_args: -javaagent:C:\Program Files\JetBrains\IntelliJ IDEA 2023.3.3\lib\idea_rt.jar=63579:C:\Program Files\JetBrains\IntelliJ IDEA 2023.3.3\bin -Dfile.encoding=UTF-8 -Dsun.stdout.encoding=UTF-8 -Dsun.stderr.encoding=UTF-8 
java_command: Main
java_class_path (initial): C:\Users\sando\IdeaProjects\PROYECTOU2.2\out\production\PROYECTOU2.2
Launcher Type: SUN_STANDARD

[Global flags]
     intx CICompilerCount                          = 4                                         {product} {ergonomic}
     uint ConcGCThreads                            = 3                                         {product} {ergonomic}
     uint G1ConcRefinementThreads                  = 10                                        {product} {ergonomic}
   size_t G1HeapRegionSize                         = 2097152                                   {product} {ergonomic}
    uintx GCDrainStackTargetSize                   = 64                                        {product} {ergonomic}
   size_t InitialHeapSize                          = 264241152                                 {product} {ergonomic}
   size_t MarkStackSize                            = 4194304                                   {product} {ergonomic}
   size_t MaxHeapSize                              = 4227858432                                {product} {ergonomic}
   size_t MinHeapDeltaBytes                        = 2097152                                   {product} {ergonomic}
   size_t MinHeapSize                              = 8388608                                   {product} {ergonomic}
    uintx NonNMethodCodeHeapSize                   = 5839372                                {pd product} {ergonomic}
    uintx NonProfiledCodeHeapSize                  = 122909434                              {pd product} {ergonomic}
    uintx ProfiledCodeHeapSize                     = 122909434                              {pd product} {ergonomic}
    uintx ReservedCodeCacheSize                    = 251658240                              {pd product} {ergonomic}
     bool SegmentedCodeCache                       = true                                      {product} {ergonomic}
   size_t SoftMaxHeapSize                          = 4227858432                             {manageable} {ergonomic}
     bool UseCompressedClassPointers               = true                           {product lp64_product} {ergonomic}
     bool UseCompressedOops                        = true                           {product lp64_product} {ergonomic}
     bool UseG1GC                                  = true                                      {product} {ergonomic}
     bool UseLargePagesIndividualAllocation        = false                                  {pd product} {ergonomic}

Logging:
Log output configuration:
 #0: stdout all=warning uptime,level,tags foldmultilines=false
 #1: stderr all=off uptime,level,tags foldmultilines=false

Environment Variables:
PATH=C:\Program Files\Common Files\Oracle\Java\javapath;C:\Program Files (x86)\Common Files\Oracle\Java\javapath;C:\Windows\system32;C:\Windows;C:\Windows\System32\Wbem;C:\Windows\System32\WindowsPowerShell\v1.0\;C:\Windows\System32\OpenSSH\;C:\Program Files (x86)\NVIDIA Corporation\PhysX\Common;C:\Program Files\NVIDIA Corporation\NVIDIA NvDLISR;C:\WINDOWS\system32;C:\WINDOWS;C:\WINDOWS\System32\Wbem;C:\WINDOWS\System32\WindowsPowerShell\v1.0\;C:\WINDOWS\System32\OpenSSH\;C:\Program Files\dotnet\;C:\Program Files\Git\cmd;C:\Users\sando\AppData\Local\Microsoft\WindowsApps;
USERNAME=sando
OS=Windows_NT
PROCESSOR_IDENTIFIER=Intel64 Family 6 Model 141 Stepping 1, GenuineIntel
TMP=C:\Users\sando\AppData\Local\Temp
TEMP=C:\Users\sando\AppData\Local\Temp




---------------  S Y S T E M  ---------------

OS:
 Windows 11 , 64 bit Build 22621 (10.0.22621.3527)
OS uptime: 2 days 15:26 hours
Hyper-V role detected

CPU: total 12 (initial active 12) (6 cores per cpu, 2 threads per core) family 6 model 141 stepping 1 microcode 0x34, cx8, cmov, fxsr, ht, mmx, 3dnowpref, sse, sse2, sse3, ssse3, sse4.1, sse4.2, popcnt, lzcnt, tsc, tscinvbit, avx, avx2, aes, erms, clmul, bmi1, bmi2, adx, avx512f, avx512dq, avx512cd, avx512bw, avx512vl, sha, fma, vzeroupper, avx512_vpopcntdq, avx512_vpclmulqdq, avx512_vaes, avx512_vnni, clflush, clflushopt, clwb, avx512_vbmi2, avx512_vbmi, hv, rdtscp, rdpid, fsrm, gfni, avx512_bitalg, f16c, cet_ibt, cet_ss, avx512_ifma

Memory: 4k page, system-wide physical 16122M (7281M free)
TotalPageFile size 65274M (AvailPageFile size 6M)
current process WorkingSet (physical memory assigned to process): 12M, peak: 12M
current process commit charge ("private bytes"): 61M, peak: 62M

vm_info: Java HotSpot(TM) 64-Bit Server VM (20+36-2344) for windows-amd64 JRE (20+36-2344), built on 2023-02-10T19:30:15Z by "mach5one" with MS VC++ 17.1 (VS2022)

END.
